  [1m[36m (16.2ms)[0m  [1mDROP DATABASE IF EXISTS "jungle_development"[0m
  [1m[35m (0.4ms)[0m  DROP DATABASE IF EXISTS "jungle_test"
  [1m[36m (922.8ms)[0m  [1mCREATE DATABASE "jungle_development" ENCODING = 'unicode'[0m
  [1m[35m (435.9ms)[0m  CREATE DATABASE "jungle_test" ENCODING = 'unicode'
  [1m[36mSQL (1.1ms)[0m  [1mCREATE EXTENSION IF NOT EXISTS "plpgsql"[0m
  [1m[35m (42.0ms)[0m  CREATE TABLE "categories" ("id" serial primary key, "name" character varying, "created_at" timestamp NOT NULL, "updated_at" timestamp NOT NULL) 
  [1m[36m (18.9ms)[0m  [1mCREATE TABLE "line_items" ("id" serial primary key, "order_id" integer, "product_id" integer, "quantity" integer, "item_price_cents" integer, "total_price_cents" integer, "created_at" timestamp NOT NULL, "updated_at" timestamp NOT NULL) [0m
  [1m[35m (9.4ms)[0m  CREATE  INDEX  "index_line_items_on_order_id" ON "line_items" USING btree ("order_id")
  [1m[36m (15.0ms)[0m  [1mCREATE  INDEX  "index_line_items_on_product_id" ON "line_items" USING btree ("product_id")[0m
  [1m[35m (23.0ms)[0m  CREATE TABLE "orders" ("id" serial primary key, "total_cents" integer, "created_at" timestamp NOT NULL, "updated_at" timestamp NOT NULL, "stripe_charge_id" character varying, "email" character varying) 
  [1m[36m (24.0ms)[0m  [1mCREATE TABLE "products" ("id" serial primary key, "name" character varying, "description" text, "image" character varying, "price_cents" integer, "quantity" integer, "created_at" timestamp NOT NULL, "updated_at" timestamp NOT NULL, "category_id" integer) [0m
  [1m[35m (7.5ms)[0m  CREATE  INDEX  "index_products_on_category_id" ON "products" USING btree ("category_id")
  [1m[36m (10.9ms)[0m  [1mALTER TABLE "line_items" ADD CONSTRAINT "fk_rails_2dc2e5c22c"
FOREIGN KEY ("order_id")
  REFERENCES "orders" ("id")
[0m
  [1m[35m (14.1ms)[0m  ALTER TABLE "line_items" ADD CONSTRAINT "fk_rails_11e15d5c6b"
FOREIGN KEY ("product_id")
  REFERENCES "products" ("id")

  [1m[36m (13.1ms)[0m  [1mALTER TABLE "products" ADD CONSTRAINT "fk_rails_fb915499a4"
FOREIGN KEY ("category_id")
  REFERENCES "categories" ("id")
[0m
  [1m[35m (11.5ms)[0m  CREATE TABLE "schema_migrations" ("version" character varying NOT NULL) 
  [1m[36m (13.4ms)[0m  [1mCREATE UNIQUE INDEX  "unique_schema_migrations" ON "schema_migrations"  ("version")[0m
  [1m[35m (2.0ms)[0m  SELECT version FROM "schema_migrations"
  [1m[36m (39.8ms)[0m  [1mINSERT INTO "schema_migrations" (version) VALUES ('20160625062916')[0m
  [1m[35m (2.5ms)[0m  INSERT INTO "schema_migrations" (version) VALUES ('20160621153741')
  [1m[36m (3.6ms)[0m  [1mINSERT INTO "schema_migrations" (version) VALUES ('20160622113553')[0m
  [1m[35m (6.0ms)[0m  INSERT INTO "schema_migrations" (version) VALUES ('20160623110200')
  [1m[36m (1.9ms)[0m  [1mINSERT INTO "schema_migrations" (version) VALUES ('20160621153855')[0m
  [1m[35m (5.4ms)[0m  INSERT INTO "schema_migrations" (version) VALUES ('20160621152728')
  [1m[36m (4.5ms)[0m  [1mINSERT INTO "schema_migrations" (version) VALUES ('20160623222000')[0m
  [1m[35mSQL (1.1ms)[0m  CREATE EXTENSION IF NOT EXISTS "plpgsql"
  [1m[36m (40.9ms)[0m  [1mCREATE TABLE "categories" ("id" serial primary key, "name" character varying, "created_at" timestamp NOT NULL, "updated_at" timestamp NOT NULL) [0m
  [1m[35m (27.4ms)[0m  CREATE TABLE "line_items" ("id" serial primary key, "order_id" integer, "product_id" integer, "quantity" integer, "item_price_cents" integer, "total_price_cents" integer, "created_at" timestamp NOT NULL, "updated_at" timestamp NOT NULL) 
  [1m[36m (10.7ms)[0m  [1mCREATE  INDEX  "index_line_items_on_order_id" ON "line_items" USING btree ("order_id")[0m
  [1m[35m (21.0ms)[0m  CREATE  INDEX  "index_line_items_on_product_id" ON "line_items" USING btree ("product_id")
  [1m[36m (41.9ms)[0m  [1mCREATE TABLE "orders" ("id" serial primary key, "total_cents" integer, "created_at" timestamp NOT NULL, "updated_at" timestamp NOT NULL, "stripe_charge_id" character varying, "email" character varying) [0m
  [1m[35m (30.4ms)[0m  CREATE TABLE "products" ("id" serial primary key, "name" character varying, "description" text, "image" character varying, "price_cents" integer, "quantity" integer, "created_at" timestamp NOT NULL, "updated_at" timestamp NOT NULL, "category_id" integer) 
  [1m[36m (13.5ms)[0m  [1mCREATE  INDEX  "index_products_on_category_id" ON "products" USING btree ("category_id")[0m
  [1m[35m (12.0ms)[0m  ALTER TABLE "line_items" ADD CONSTRAINT "fk_rails_2dc2e5c22c"
FOREIGN KEY ("order_id")
  REFERENCES "orders" ("id")

  [1m[36m (9.0ms)[0m  [1mALTER TABLE "line_items" ADD CONSTRAINT "fk_rails_11e15d5c6b"
FOREIGN KEY ("product_id")
  REFERENCES "products" ("id")
[0m
  [1m[35m (7.2ms)[0m  ALTER TABLE "products" ADD CONSTRAINT "fk_rails_fb915499a4"
FOREIGN KEY ("category_id")
  REFERENCES "categories" ("id")

  [1m[36m (12.4ms)[0m  [1mCREATE TABLE "schema_migrations" ("version" character varying NOT NULL) [0m
  [1m[35m (8.4ms)[0m  CREATE UNIQUE INDEX  "unique_schema_migrations" ON "schema_migrations"  ("version")
  [1m[36m (2.1ms)[0m  [1mSELECT version FROM "schema_migrations"[0m
  [1m[35m (5.0ms)[0m  INSERT INTO "schema_migrations" (version) VALUES ('20160625062916')
  [1m[36m (1.6ms)[0m  [1mINSERT INTO "schema_migrations" (version) VALUES ('20160621153741')[0m
  [1m[35m (1.5ms)[0m  INSERT INTO "schema_migrations" (version) VALUES ('20160622113553')
  [1m[36m (6.6ms)[0m  [1mINSERT INTO "schema_migrations" (version) VALUES ('20160623110200')[0m
  [1m[35m (4.0ms)[0m  INSERT INTO "schema_migrations" (version) VALUES ('20160621153855')
  [1m[36m (1.7ms)[0m  [1mINSERT INTO "schema_migrations" (version) VALUES ('20160621152728')[0m
  [1m[35m (5.4ms)[0m  INSERT INTO "schema_migrations" (version) VALUES ('20160623222000')
  [1m[36mActiveRecord::SchemaMigration Load (2.2ms)[0m  [1mSELECT "schema_migrations".* FROM "schema_migrations"[0m
  [1m[35mCategory Load (42.5ms)[0m  SELECT  "categories".* FROM "categories" WHERE "categories"."name" = $1 LIMIT 1  [["name", "Apparel"]]
  [1m[36m (1.7ms)[0m  [1mBEGIN[0m
  [1m[35mSQL (7.6ms)[0m  INSERT INTO "categories" ("name", "created_at", "updated_at") VALUES ($1, $2, $3) RETURNING "id"  [["name", "Apparel"], ["created_at", "2019-01-17 01:04:43.297572"], ["updated_at", "2019-01-17 01:04:43.297572"]]
  [1m[36m (1.6ms)[0m  [1mCOMMIT[0m
  [1m[35mCategory Load (2.0ms)[0m  SELECT  "categories".* FROM "categories" WHERE "categories"."name" = $1 LIMIT 1  [["name", "Electronics"]]
  [1m[36m (1.0ms)[0m  [1mBEGIN[0m
  [1m[35mSQL (1.4ms)[0m  INSERT INTO "categories" ("name", "created_at", "updated_at") VALUES ($1, $2, $3) RETURNING "id"  [["name", "Electronics"], ["created_at", "2019-01-17 01:04:43.331481"], ["updated_at", "2019-01-17 01:04:43.331481"]]
  [1m[36m (5.7ms)[0m  [1mCOMMIT[0m
  [1m[35mCategory Load (1.5ms)[0m  SELECT  "categories".* FROM "categories" WHERE "categories"."name" = $1 LIMIT 1  [["name", "Furniture"]]
  [1m[36m (3.4ms)[0m  [1mBEGIN[0m
  [1m[35mSQL (1.4ms)[0m  INSERT INTO "categories" ("name", "created_at", "updated_at") VALUES ($1, $2, $3) RETURNING "id"  [["name", "Furniture"], ["created_at", "2019-01-17 01:04:43.363111"], ["updated_at", "2019-01-17 01:04:43.363111"]]
  [1m[36m (3.5ms)[0m  [1mCOMMIT[0m
  [1m[35mProduct Load (2.3ms)[0m  SELECT "products".* FROM "products"
  [1m[36m (4.2ms)[0m  [1mBEGIN[0m
  [1m[35mSQL (4.5ms)[0m  INSERT INTO "products" ("name", "description", "image", "quantity", "price_cents", "category_id", "created_at", "updated_at") VALUES ($1, $2, $3, $4, $5, $6, $7, $8) RETURNING "id"  [["name", "Men's Classy shirt"], ["description", "Ethical narwhal roof lumbersexual green juice yuccie aesthetic cliche. Salvia normcore keffiyeh. Beard carry fap narwhal goth. 8-bit heirloom bitters. Kale chips chambray paleo. Brooklyn ramps wes anderson."], ["image", "apparel1.jpg"], ["quantity", 10], ["price_cents", 6499], ["category_id", 1], ["created_at", "2019-01-17 01:04:47.049073"], ["updated_at", "2019-01-17 01:04:47.049073"]]
  [1m[36m (3.8ms)[0m  [1mCOMMIT[0m
  [1m[35m (0.7ms)[0m  BEGIN
  [1m[36mSQL (1.8ms)[0m  [1mINSERT INTO "products" ("name", "description", "image", "quantity", "price_cents", "category_id", "created_at", "updated_at") VALUES ($1, $2, $3, $4, $5, $6, $7, $8) RETURNING "id"[0m  [["name", "Women's Zebra pants"], ["description", "90's art party asymmetrical sriracha green juice. Single-origin coffee asymmetrical jean shorts organic. Kitsch hashtag poutine brunch tattooed. Chartreuse try-hard cred mumblecore selvage."], ["image", "apparel2.jpg"], ["quantity", 18], ["price_cents", 12499], ["category_id", 1], ["created_at", "2019-01-17 01:04:47.941508"], ["updated_at", "2019-01-17 01:04:47.941508"]]
  [1m[35m (2.0ms)[0m  COMMIT
  [1m[36m (1.7ms)[0m  [1mBEGIN[0m
  [1m[35mSQL (2.8ms)[0m  INSERT INTO "products" ("name", "description", "image", "quantity", "price_cents", "category_id", "created_at", "updated_at") VALUES ($1, $2, $3, $4, $5, $6, $7, $8) RETURNING "id"  [["name", "Hipster Hat"], ["description", "Fap swag before they sold out intelligentsia echo craft beer jean shorts. Food truck knausgaard mlkshk. Flexitarian ethical distillery meggings seitan austin you probably haven't heard of them jean shorts. Forage typewriter tilde tacos normcore biodiesel meditation viral."], ["image", "apparel3.jpg"], ["quantity", 4], ["price_cents", 3449], ["category_id", 1], ["created_at", "2019-01-17 01:04:48.914311"], ["updated_at", "2019-01-17 01:04:48.914311"]]
  [1m[36m (1.9ms)[0m  [1mCOMMIT[0m
  [1m[35m (2.7ms)[0m  BEGIN
  [1m[36mSQL (3.4ms)[0m  [1mINSERT INTO "products" ("name", "description", "image", "quantity", "price_cents", "category_id", "created_at", "updated_at") VALUES ($1, $2, $3, $4, $5, $6, $7, $8) RETURNING "id"[0m  [["name", "Hipster Socks"], ["description", "Ugh 8-bit 3 wolf moon chillwave dreamcatcher godard wayfarers paleo. Carry vice whatever vinyl. Single-origin coffee before they sold out direct trade cleanse listicle distillery. Raw denim intelligentsia kinfolk franzen paleo kombucha mustache. Taxidermy freegan tumblr occupy pop-up humblebrag."], ["image", "apparel4.jpg"], ["quantity", 8], ["price_cents", 2500], ["category_id", 1], ["created_at", "2019-01-17 01:04:50.649566"], ["updated_at", "2019-01-17 01:04:50.649566"]]
  [1m[35m (2.3ms)[0m  COMMIT
  [1m[36m (0.6ms)[0m  [1mBEGIN[0m
  [1m[35mSQL (1.7ms)[0m  INSERT INTO "products" ("name", "description", "image", "quantity", "price_cents", "category_id", "created_at", "updated_at") VALUES ($1, $2, $3, $4, $5, $6, $7, $8) RETURNING "id"  [["name", "Russian Spy Shoes"], ["description", "Kitsch fap brunch umami tumblr 90's leggings. You probably haven't heard of them chicharrones quinoa gentrify venmo before they sold out bitters. Gastropub humblebrag bitters artisan raw denim mixtape. Wayfarers vhs wolf. Biodiesel kale chips keytar green juice fashion axe seitan scenester flexitarian. Intelligentsia leggings tousled pabst tote bag disrupt bespoke bushwick."], ["image", "apparel5.jpg"], ["quantity", 8], ["price_cents", 122500], ["category_id", 1], ["created_at", "2019-01-17 01:04:51.544687"], ["updated_at", "2019-01-17 01:04:51.544687"]]
  [1m[36m (6.8ms)[0m  [1mCOMMIT[0m
  [1m[35m (0.5ms)[0m  BEGIN
  [1m[36mSQL (3.3ms)[0m  [1mINSERT INTO "products" ("name", "description", "image", "quantity", "price_cents", "category_id", "created_at", "updated_at") VALUES ($1, $2, $3, $4, $5, $6, $7, $8) RETURNING "id"[0m  [["name", "Human Feet Shoes"], ["description", "Single-origin coffee small batch cardigan. Jean shorts everyday lo-fi irony cornhole microdosing williamsburg mlkshk. Tattooed tofu chartreuse forage hoodie cred diy. Meh dreamcatcher fanny pack everyday normcore."], ["image", "apparel6.jpg"], ["quantity", 82], ["price_cents", 22450], ["category_id", 1], ["created_at", "2019-01-17 01:04:52.300373"], ["updated_at", "2019-01-17 01:04:52.300373"]]
  [1m[35m (2.1ms)[0m  COMMIT
  [1m[36m (0.6ms)[0m  [1mBEGIN[0m
  [1m[35mSQL (3.6ms)[0m  INSERT INTO "products" ("name", "description", "image", "quantity", "price_cents", "category_id", "created_at", "updated_at") VALUES ($1, $2, $3, $4, $5, $6, $7, $8) RETURNING "id"  [["name", "Modern Skateboards"], ["description", "Hoodie cray pickled marfa. Twee meh typewriter tumblr raw denim shabby chic drinking. Bushwick typewriter mustache salvia deep v synth venmo iphone. Cred loko schlitz helvetica. Brooklyn yolo selvage chia cold-pressed. Kale chips fingerstache ennui tumblr waistcoat pbr&b."], ["image", "electronics1.jpg"], ["quantity", 40], ["price_cents", 16449], ["category_id", 2], ["created_at", "2019-01-17 01:04:53.282147"], ["updated_at", "2019-01-17 01:04:53.282147"]]
  [1m[36m (2.8ms)[0m  [1mCOMMIT[0m
  [1m[35m (1.5ms)[0m  BEGIN
  [1m[36mSQL (4.9ms)[0m  [1mINSERT INTO "products" ("name", "description", "image", "quantity", "price_cents", "category_id", "created_at", "updated_at") VALUES ($1, $2, $3, $4, $5, $6, $7, $8) RETURNING "id"[0m  [["name", "Hotdog Slicer"], ["description", "Farm-to-table artisan viral gentrify diy hella vice cardigan. Meh offal distillery bushwick artisan. Venmo flexitarian pabst crucifix butcher. Hammock asymmetrical slow-carb flannel post-ironic chillwave. Cray chillwave readymade ennui."], ["image", "electronics2.jpg"], ["quantity", 3], ["price_cents", 2600], ["category_id", 2], ["created_at", "2019-01-17 01:04:53.983441"], ["updated_at", "2019-01-17 01:04:53.983441"]]
  [1m[35m (4.8ms)[0m  COMMIT
  [1m[36m (0.8ms)[0m  [1mBEGIN[0m
  [1m[35mSQL (1.4ms)[0m  INSERT INTO "products" ("name", "description", "image", "quantity", "price_cents", "category_id", "created_at", "updated_at") VALUES ($1, $2, $3, $4, $5, $6, $7, $8) RETURNING "id"  [["name", "World's Largest Smartwatch"], ["description", "Jean shorts +1 disrupt tilde xoxo migas single-origin coffee. Ramps bitters lomo health pork belly. Mustache plaid schlitz truffaut artisan. Xoxo raw denim street biodiesel. Banh mi tote bag cardigan knausgaard flannel put a bird on it keytar."], ["image", "electronics3.jpg"], ["quantity", 32], ["price_cents", 202629], ["category_id", 2], ["created_at", "2019-01-17 01:04:54.843562"], ["updated_at", "2019-01-17 01:04:54.843562"]]
  [1m[36m (3.6ms)[0m  [1mCOMMIT[0m
  [1m[35m (0.6ms)[0m  BEGIN
  [1m[36mSQL (1.4ms)[0m  [1mINSERT INTO "products" ("name", "description", "image", "quantity", "price_cents", "category_id", "created_at", "updated_at") VALUES ($1, $2, $3, $4, $5, $6, $7, $8) RETURNING "id"[0m  [["name", "Optimal Sleeping Bed"], ["description", "Next level occupy authentic austin craft beer flannel. Iphone sartorial vhs. Hoodie art party try-hard shabby chic blue bottle fixie you probably haven't heard of them yr. Dreamcatcher chambray fanny pack pinterest xoxo selvage."], ["image", "furniture1.jpg"], ["quantity", 320], ["price_cents", 305200], ["category_id", 3], ["created_at", "2019-01-17 01:04:55.746811"], ["updated_at", "2019-01-17 01:04:55.746811"]]
  [1m[35m (2.1ms)[0m  COMMIT
  [1m[36m (1.3ms)[0m  [1mBEGIN[0m
  [1m[35mSQL (1.5ms)[0m  INSERT INTO "products" ("name", "description", "image", "quantity", "price_cents", "category_id", "created_at", "updated_at") VALUES ($1, $2, $3, $4, $5, $6, $7, $8) RETURNING "id"  [["name", "Electric Chair"], ["description", "Quinoa chicharrones ramps banh mi. Craft beer chambray etsy organic ramps ethical 3 wolf moon normcore. Before they sold out 8-bit trust fund farm-to-table vhs. Artisan viral taxidermy truffaut. Skateboard narwhal whatever keytar poutine migas heirloom stumptown."], ["image", "furniture2.jpg"], ["quantity", 2], ["price_cents", 98765], ["category_id", 3], ["created_at", "2019-01-17 01:04:56.596397"], ["updated_at", "2019-01-17 01:04:56.596397"]]
  [1m[36m (4.6ms)[0m  [1mCOMMIT[0m
  [1m[35m (0.6ms)[0m  BEGIN
  [1m[36mSQL (6.6ms)[0m  [1mINSERT INTO "products" ("name", "description", "image", "quantity", "price_cents", "category_id", "created_at", "updated_at") VALUES ($1, $2, $3, $4, $5, $6, $7, $8) RETURNING "id"[0m  [["name", "Red Bookshelf"], ["description", "Tofu readymade next level photo booth dreamcatcher semiotics. Hella chambray everyday +1 keffiyeh. Flexitarian wes anderson selvage schlitz banjo. Bitters truffaut tumblr pug wolf. Roof carry twee ugh sartorial."], ["image", "furniture3.jpg"], ["quantity", 23], ["price_cents", 248375], ["category_id", 3], ["created_at", "2019-01-17 01:04:57.899907"], ["updated_at", "2019-01-17 01:04:57.899907"]]
  [1m[35m (2.0ms)[0m  COMMIT


Started GET "/" for 10.0.2.2 at 2019-01-17 16:35:52 +0000
  [1m[36mActiveRecord::SchemaMigration Load (2.2ms)[0m  [1mSELECT "schema_migrations".* FROM "schema_migrations"[0m
Processing by ProductsController#index as HTML
  [1m[35mProduct Load (5.0ms)[0m  SELECT "products".* FROM "products"  ORDER BY "products"."created_at" DESC
  Rendered products/_product.html.erb (2305.0ms)
  Rendered products/index.html.erb within layouts/application (2512.2ms)
  [1m[36mCategory Load (2.4ms)[0m  [1mSELECT "categories".* FROM "categories"[0m
  Rendered layouts/_top_nav.html.erb (148.5ms)
Completed 200 OK in 29349ms (Views: 29022.1ms | ActiveRecord: 88.2ms)


Started GET "/admin" for 10.0.2.2 at 2019-01-17 16:36:35 +0000
Processing by Admin::DashboardController#show as HTML
  Rendered admin/dashboard/show.html.erb within layouts/application (1.7ms)
  [1m[35mCategory Load (1.2ms)[0m  SELECT "categories".* FROM "categories"
  Rendered layouts/_top_nav.html.erb (9.4ms)
Completed 200 OK in 886ms (Views: 881.7ms | ActiveRecord: 1.2ms)


Started GET "/cart" for 10.0.2.2 at 2019-01-17 16:36:43 +0000
Processing by CartsController#show as HTML
  [1m[36mProduct Load (1.4ms)[0m  [1mSELECT "products".* FROM "products" WHERE 1=0[0m
  Rendered carts/show.html.erb within layouts/application (57.7ms)
  [1m[35mCategory Load (1.8ms)[0m  SELECT "categories".* FROM "categories"
  Rendered layouts/_top_nav.html.erb (13.8ms)
Completed 200 OK in 907ms (Views: 900.1ms | ActiveRecord: 3.2ms)


Started GET "/" for 10.0.2.2 at 2019-01-17 16:43:38 +0000
Processing by ProductsController#index as HTML
  [1m[36mProduct Load (2.4ms)[0m  [1mSELECT "products".* FROM "products"  ORDER BY "products"."created_at" DESC[0m
  Rendered products/_product.html.erb (58.4ms)
  Rendered products/index.html.erb within layouts/application (116.8ms)
  [1m[35mCategory Load (2.1ms)[0m  SELECT "categories".* FROM "categories"
  Rendered layouts/_top_nav.html.erb (11.6ms)
Completed 200 OK in 1285ms (Views: 1277.8ms | ActiveRecord: 4.6ms)


Started GET "/categories/1" for 10.0.2.2 at 2019-01-17 16:43:42 +0000
Processing by CategoriesController#show as HTML
  Parameters: {"id"=>"1"}
  [1m[36mCategory Load (1.3ms)[0m  [1mSELECT  "categories".* FROM "categories" WHERE "categories"."id" = $1 LIMIT 1[0m  [["id", 1]]
  [1m[35m (2.0ms)[0m  SELECT COUNT(*) FROM "products" WHERE "products"."category_id" = $1  [["category_id", 1]]
  [1m[36mProduct Load (1.2ms)[0m  [1mSELECT "products".* FROM "products" WHERE "products"."category_id" = $1  ORDER BY "products"."created_at" DESC[0m  [["category_id", 1]]
  Rendered products/_product.html.erb (56.1ms)
  Rendered categories/show.html.erb within layouts/application (222.0ms)
  [1m[35mCategory Load (1.8ms)[0m  SELECT "categories".* FROM "categories"
  Rendered layouts/_top_nav.html.erb (11.5ms)
Completed 200 OK in 1528ms (Views: 1216.9ms | ActiveRecord: 7.1ms)
